--------------------------------------------------------------------------------
Release 14.1 Trace  (nt64)
Copyright (c) 1995-2012 Xilinx, Inc.  All rights reserved.

C:\Xilinx\14.1\ISE_DS\ISE\bin\nt64\unwrapped\trce.exe -e 3 -xml system.twx
system.ncd system.pcf

Design file:              system.ncd
Physical constraint file: system.pcf
Device,package,speed:     xc3s1000,ft256,-5 (PRODUCTION 1.39 2012-04-23)
Report level:             error report

Environment Variable      Effect 
--------------------      ------ 
NONE                      No environment variables were set
--------------------------------------------------------------------------------

INFO:Timing:2698 - No timing constraints found, doing default enumeration.
INFO:Timing:3412 - To improve timing, see the Timing Closure User Guide (UG612).
INFO:Timing:2752 - To get complete path coverage, use the unconstrained paths 
   option. All paths that are not constrained will be reported in the 
   unconstrained paths section(s) of the report.
INFO:Timing:3339 - The clock-to-out numbers in this timing report are based on 
   a 50 Ohm transmission line loading model.  For the details of this model, 
   and for more information on accounting for different loading conditions, 
   please see the device datasheet.
INFO:Timing:3390 - This architecture does not support a default System Jitter 
   value, please add SYSTEM_JITTER constraint to the UCF to modify the Clock 
   Uncertainty calculation.
INFO:Timing:3389 - This architecture does not support 'Discrete Jitter' and 
   'Phase Error' calculations, these terms will be zero in the Clock 
   Uncertainty calculation.  Please make appropriate modification to 
   SYSTEM_JITTER to account for the unsupported Discrete Jitter and Phase 
   Error.



Data Sheet report:
-----------------
All values displayed in nanoseconds (ns)

Setup/Hold to clock Clk_pin
------------+------------+------------+------------------+--------+
            |Max Setup to|Max Hold to |                  | Clock  |
Source      | clk (edge) | clk (edge) |Internal Clock(s) | Phase  |
------------+------------+------------+------------------+--------+
RX_pin      |    3.342(R)|   -1.221(R)|Clk_pin_BUFGP     |   0.000|
Rst_pin     |    3.329(R)|   -0.246(R)|Clk_pin_BUFGP     |   0.000|
leds<0>     |    0.805(R)|    0.093(R)|Clk_pin_BUFGP     |   0.000|
leds<1>     |    1.083(R)|   -0.142(R)|Clk_pin_BUFGP     |   0.000|
leds<2>     |    0.755(R)|    0.151(R)|Clk_pin_BUFGP     |   0.000|
leds<3>     |    1.438(R)|   -0.467(R)|Clk_pin_BUFGP     |   0.000|
leds<4>     |    1.372(R)|   -0.429(R)|Clk_pin_BUFGP     |   0.000|
leds<5>     |    0.852(R)|    0.039(R)|Clk_pin_BUFGP     |   0.000|
leds<6>     |    1.275(R)|   -0.348(R)|Clk_pin_BUFGP     |   0.000|
leds<7>     |    1.167(R)|   -0.220(R)|Clk_pin_BUFGP     |   0.000|
switches<0> |    0.187(R)|    0.522(R)|Clk_pin_BUFGP     |   0.000|
switches<1> |    1.267(R)|   -0.307(R)|Clk_pin_BUFGP     |   0.000|
switches<2> |    1.236(R)|   -0.273(R)|Clk_pin_BUFGP     |   0.000|
switches<3> |    1.704(R)|   -0.642(R)|Clk_pin_BUFGP     |   0.000|
switches<4> |    1.312(R)|   -0.329(R)|Clk_pin_BUFGP     |   0.000|
switches<5> |    0.362(R)|    0.431(R)|Clk_pin_BUFGP     |   0.000|
switches<6> |    0.844(R)|    0.049(R)|Clk_pin_BUFGP     |   0.000|
switches<7> |    1.688(R)|   -0.694(R)|Clk_pin_BUFGP     |   0.000|
------------+------------+------------+------------------+--------+

Clock Clk_pin to Pad
------------+------------+------------------+--------+
            | clk (edge) |                  | Clock  |
Destination |   to PAD   |Internal Clock(s) | Phase  |
------------+------------+------------------+--------+
TX_pin      |    6.534(R)|Clk_pin_BUFGP     |   0.000|
leds<0>     |    9.561(R)|Clk_pin_BUFGP     |   0.000|
leds<1>     |    8.809(R)|Clk_pin_BUFGP     |   0.000|
leds<2>     |    9.870(R)|Clk_pin_BUFGP     |   0.000|
leds<3>     |    9.667(R)|Clk_pin_BUFGP     |   0.000|
leds<4>     |    9.505(R)|Clk_pin_BUFGP     |   0.000|
leds<5>     |    9.303(R)|Clk_pin_BUFGP     |   0.000|
leds<6>     |    9.269(R)|Clk_pin_BUFGP     |   0.000|
leds<7>     |    8.923(R)|Clk_pin_BUFGP     |   0.000|
switches<0> |    9.005(R)|Clk_pin_BUFGP     |   0.000|
switches<1> |   10.027(R)|Clk_pin_BUFGP     |   0.000|
switches<2> |    9.765(R)|Clk_pin_BUFGP     |   0.000|
switches<3> |   10.069(R)|Clk_pin_BUFGP     |   0.000|
switches<4> |    9.982(R)|Clk_pin_BUFGP     |   0.000|
switches<5> |    9.479(R)|Clk_pin_BUFGP     |   0.000|
switches<6> |    9.782(R)|Clk_pin_BUFGP     |   0.000|
switches<7> |   10.366(R)|Clk_pin_BUFGP     |   0.000|
------------+------------+------------------+--------+

Clock to Setup on destination clock Clk_pin
---------------+---------+---------+---------+---------+
               | Src:Rise| Src:Fall| Src:Rise| Src:Fall|
Source Clock   |Dest:Rise|Dest:Rise|Dest:Fall|Dest:Fall|
---------------+---------+---------+---------+---------+
Clk_pin        |    9.401|         |         |         |
---------------+---------+---------+---------+---------+


Analysis completed Sun Oct 31 18:45:38 2021 
--------------------------------------------------------------------------------

Trace Settings:
-------------------------
Trace Settings 

Peak Memory Usage: 4544 MB



