
Checking platform configuration ...
IPNAME: plb_v46, INSTANCE: plb_v46_0 - 2 master(s) : 4 slave(s) 

Checking port drivers...
WARNING:EDK:4180 - PORT: EXT_BRK, CONNECTOR: Ext_BRK - No driver found. Port
   will be driven to GND -
   C:\Xilinx\14.1\ISE_DS\EDK\hw\XilinxProcessorIPLib\pcores\microblaze_v8_30_a\d
   ata\microblaze_v2_1_0.mpd line 412 
WARNING:EDK:4180 - PORT: EXT_NM_BRK, CONNECTOR: Ext_NM_BRK - No driver found.
   Port will be driven to GND -
   C:\Xilinx\14.1\ISE_DS\EDK\hw\XilinxProcessorIPLib\pcores\microblaze_v8_30_a\d
   ata\microblaze_v2_1_0.mpd line 413 

Performing Clock DRCs...

Performing Reset DRCs...

Overriding system level properties...

Running system level update procedures...

Running UPDATE Tcl procedures for OPTION SYSLEVEL_UPDATE_PROC...

Running system level DRCs...

Performing System level DRCs on properties...

Running DRC Tcl procedures for OPTION SYSLEVEL_DRC_PROC...
Conversion to XML complete.
